# JRE version: Java(TM) SE Runtime Environment (22.0+36) (build 22+36-2370)
# Java VM: Java HotSpot(TM) 64-Bit Server VM (22+36-2370, mixed mode, sharing, tiered, compressed oops, compressed class ptrs, g1 gc, windows-amd64)
GC Precious Log:
 CardTable entry size: 512
 Card Set container configuration: InlinePtr #cards 5 size 8 Array Of Cards #cards 12 size 40 Howl #buckets 4 coarsen threshold 1843 Howl Bitmap #cards 512 size 80 coarsen threshold 460 Card regions per heap region 1 cards per card region 2048
 CPUs: 4 total, 4 available
 Memory: 3550M
 Large Page Support: Disabled
 NUMA Support: Disabled
 Compressed Oops: Enabled (32-bit)
 Heap Region Size: 1M
 Heap Min Capacity: 8M
 Heap Initial Capacity: 56M
 Heap Max Capacity: 888M
 Pre-touch: Disabled
 Parallel Workers: 4
 Concurrent Workers: 1
 Concurrent Refinement Workers: 4
 Periodic GC: Disabled
Heap:
 garbage-first heap   total reserved 909312K, committed 51200K, used 35513K [0x00000000c8800000, 0x0000000100000000)
  region size 1024K, 12 young (12288K), 3 survivors (3072K)
 Metaspace       used 62744K, committed 63360K, reserved 1114112K
  class space    used 8510K, committed 8768K, reserved 1048576K
GC Heap History (20 events):
Event: 7.024 GC heap before
{Heap before GC invocations=3 (full 0):
 garbage-first heap   total reserved 909312K, committed 57344K, used 39336K [0x00000000c8800000, 0x0000000100000000)
  region size 1024K, 33 young (33792K), 4 survivors (4096K)
 Metaspace       used 20335K, committed 20736K, reserved 1114112K
  class space    used 2453K, committed 2624K, reserved 1048576K
}
Event: 7.044 GC heap after
{Heap after GC invocations=4 (full 0):
 garbage-first heap   total reserved 909312K, committed 57344K, used 13490K [0x00000000c8800000, 0x0000000100000000)
  region size 1024K, 5 young (5120K), 5 survivors (5120K)
 Metaspace       used 20335K, committed 20736K, reserved 1114112K
  class space    used 2453K, committed 2624K, reserved 1048576K
}
Event: 7.498 GC heap before
{Heap before GC invocations=4 (full 0):
 garbage-first heap   total reserved 909312K, committed 57344K, used 17586K [0x00000000c8800000, 0x0000000100000000)
  region size 1024K, 10 young (10240K), 5 survivors (5120K)
 Metaspace       used 21242K, committed 21504K, reserved 1114112K
  class space    used 2565K, committed 2688K, reserved 1048576K
}
Event: 7.519 GC heap after
{Heap after GC invocations=5 (full 0):
 garbage-first heap   total reserved 909312K, committed 57344K, used 14525K [0x00000000c8800000, 0x0000000100000000)
  region size 1024K, 1 young (1024K), 1 survivors (1024K)
 Metaspace       used 21242K, committed 21504K, reserved 1114112K
  class space    used 2565K, committed 2688K, reserved 1048576K
}
Event: 10.650 GC heap before
{Heap before GC invocations=6 (full 0):
 garbage-first heap   total reserved 909312K, committed 51200K, used 43197K [0x00000000c8800000, 0x0000000100000000)
  region size 1024K, 30 young (30720K), 1 survivors (1024K)
 Metaspace       used 26620K, committed 27136K, reserved 1114112K
  class space    used 3397K, committed 3648K, reserved 1048576K
}
Event: 10.670 GC heap after
{Heap after GC invocations=7 (full 0):
 garbage-first heap   total reserved 909312K, committed 51200K, used 17264K [0x00000000c8800000, 0x0000000100000000)
  region size 1024K, 4 young (4096K), 4 survivors (4096K)
 Metaspace       used 26620K, committed 27136K, reserved 1114112K
  class space    used 3397K, committed 3648K, reserved 1048576K
}
Event: 12.579 GC heap before
{Heap before GC invocations=7 (full 0):
 garbage-first heap   total reserved 909312K, committed 51200K, used 39792K [0x00000000c8800000, 0x0000000100000000)
  region size 1024K, 27 young (27648K), 4 survivors (4096K)
 Metaspace       used 31915K, committed 32448K, reserved 1114112K
  class space    used 4076K, committed 4288K, reserved 1048576K
}
Event: 12.591 GC heap after
{Heap after GC invocations=8 (full 0):
 garbage-first heap   total reserved 909312K, committed 51200K, used 18759K [0x00000000c8800000, 0x0000000100000000)
  region size 1024K, 2 young (2048K), 2 survivors (2048K)
 Metaspace       used 31915K, committed 32448K, reserved 1114112K
  class space    used 4076K, committed 4288K, reserved 1048576K
}
Event: 13.548 GC heap before
{Heap before GC invocations=8 (full 0):
 garbage-first heap   total reserved 909312K, committed 51200K, used 31047K [0x00000000c8800000, 0x0000000100000000)
  region size 1024K, 15 young (15360K), 2 survivors (2048K)
 Metaspace       used 35445K, committed 35968K, reserved 1114112K
  class space    used 4665K, committed 4928K, reserved 1048576K
}
Event: 13.556 GC heap after
{Heap after GC invocations=9 (full 0):
 garbage-first heap   total reserved 909312K, committed 51200K, used 19399K [0x00000000c8800000, 0x0000000100000000)
  region size 1024K, 3 young (3072K), 3 survivors (3072K)
 Metaspace       used 35445K, committed 35968K, reserved 1114112K
  class space    used 4665K, committed 4928K, reserved 1048576K
}
Event: 16.329 GC heap before
{Heap before GC invocations=10 (full 0):
 garbage-first heap   total reserved 909312K, committed 51200K, used 41927K [0x00000000c8800000, 0x0000000100000000)
  region size 1024K, 26 young (26624K), 3 survivors (3072K)
 Metaspace       used 45282K, committed 45888K, reserved 1114112K
  class space    used 5888K, committed 6144K, reserved 1048576K
}
Event: 16.343 GC heap after
{Heap after GC invocations=11 (full 0):
 garbage-first heap   total reserved 909312K, committed 51200K, used 21970K [0x00000000c8800000, 0x0000000100000000)
  region size 1024K, 4 young (4096K), 4 survivors (4096K)
 Metaspace       used 45282K, committed 45888K, reserved 1114112K
  class space    used 5888K, committed 6144K, reserved 1048576K
}
Event: 17.919 GC heap before
{Heap before GC invocations=11 (full 0):
 garbage-first heap   total reserved 909312K, committed 51200K, used 41426K [0x00000000c8800000, 0x0000000100000000)
  region size 1024K, 24 young (24576K), 4 survivors (4096K)
 Metaspace       used 51751K, committed 52352K, reserved 1114112K
  class space    used 6788K, committed 7040K, reserved 1048576K
}
Event: 17.935 GC heap after
{Heap after GC invocations=12 (full 0):
 garbage-first heap   total reserved 909312K, committed 51200K, used 23077K [0x00000000c8800000, 0x0000000100000000)
  region size 1024K, 2 young (2048K), 2 survivors (2048K)
 Metaspace       used 51751K, committed 52352K, reserved 1114112K
  class space    used 6788K, committed 7040K, reserved 1048576K
}
Event: 19.842 GC heap before
{Heap before GC invocations=12 (full 0):
 garbage-first heap   total reserved 909312K, committed 51200K, used 44581K [0x00000000c8800000, 0x0000000100000000)
  region size 1024K, 23 young (23552K), 2 survivors (2048K)
 Metaspace       used 56848K, committed 57472K, reserved 1114112K
  class space    used 7673K, committed 7936K, reserved 1048576K
}
Event: 19.849 GC heap after
{Heap after GC invocations=13 (full 0):
 garbage-first heap   total reserved 909312K, committed 51200K, used 23693K [0x00000000c8800000, 0x0000000100000000)
  region size 1024K, 3 young (3072K), 3 survivors (3072K)
 Metaspace       used 56848K, committed 57472K, reserved 1114112K
  class space    used 7673K, committed 7936K, reserved 1048576K
}
Event: 21.057 GC heap before
{Heap before GC invocations=13 (full 0):
 garbage-first heap   total reserved 909312K, committed 51200K, used 37005K [0x00000000c8800000, 0x0000000100000000)
  region size 1024K, 17 young (17408K), 3 survivors (3072K)
 Metaspace       used 59740K, committed 60288K, reserved 1114112K
  class space    used 8012K, committed 8256K, reserved 1048576K
}
Event: 21.067 GC heap after
{Heap after GC invocations=14 (full 0):
 garbage-first heap   total reserved 909312K, committed 51200K, used 25390K [0x00000000c8800000, 0x0000000100000000)
  region size 1024K, 3 young (3072K), 3 survivors (3072K)
 Metaspace       used 59740K, committed 60288K, reserved 1114112K
  class space    used 8012K, committed 8256K, reserved 1048576K
}
Event: 23.575 GC heap before
{Heap before GC invocations=15 (full 0):
 garbage-first heap   total reserved 909312K, committed 51200K, used 43822K [0x00000000c8800000, 0x0000000100000000)
  region size 1024K, 21 young (21504K), 3 survivors (3072K)
 Metaspace       used 61751K, committed 62400K, reserved 1114112K
  class space    used 8369K, committed 8640K, reserved 1048576K
}
Event: 23.590 GC heap after
{Heap after GC invocations=16 (full 0):
 garbage-first heap   total reserved 909312K, committed 51200K, used 27321K [0x00000000c8800000, 0x0000000100000000)
  region size 1024K, 3 young (3072K), 3 survivors (3072K)
 Metaspace       used 61751K, committed 62400K, reserved 1114112K
  class space    used 8369K, committed 8640K, reserved 1048576K
}

